<?xml version="1.0" encoding="UTF-8"?>
<testsuite xmlns:xsi="http://www.w3.org/2001/XMLSchema-instance" xsi:noNamespaceSchemaLocation="https://maven.apache.org/surefire/maven-surefire-plugin/xsd/surefire-test-report.xsd" name="nl.quintor.solitaire.game.moves.RevertMoveSpec" time="0.039" tests="5" errors="4" skipped="0" failures="1">
  <properties>
    <property name="java.specification.version" value="14"/>
    <property name="sun.jnu.encoding" value="UTF-8"/>
    <property name="java.class.path" value="/Users/dave/Downloads/solitair-student/target/test-classes:/Users/dave/Downloads/solitair-student/target/classes:/Users/dave/.m2/repository/junit/junit/4.12/junit-4.12.jar:/Users/dave/.m2/repository/org/hamcrest/hamcrest-core/1.3/hamcrest-core-1.3.jar:/Users/dave/.m2/repository/org/assertj/assertj-core/3.8.0/assertj-core-3.8.0.jar:/Users/dave/.m2/repository/org/spockframework/spock-core/1.1-groovy-2.4/spock-core-1.1-groovy-2.4.jar:/Users/dave/.m2/repository/org/codehaus/groovy/groovy-all/2.4.15/groovy-all-2.4.15.jar:/Users/dave/.m2/repository/com/athaydes/spock-reports/1.5.0/spock-reports-1.5.0.jar:/Users/dave/.m2/repository/org/slf4j/slf4j-api/1.7.13/slf4j-api-1.7.13.jar:/Users/dave/.m2/repository/org/slf4j/slf4j-simple/1.7.13/slf4j-simple-1.7.13.jar:"/>
    <property name="java.vm.vendor" value="Oracle Corporation"/>
    <property name="sun.arch.data.model" value="64"/>
    <property name="java.vendor.url" value="https://java.oracle.com/"/>
    <property name="os.name" value="Mac OS X"/>
    <property name="java.vm.specification.version" value="14"/>
    <property name="sun.java.launcher" value="SUN_STANDARD"/>
    <property name="user.country" value="NL"/>
    <property name="sun.boot.library.path" value="/Users/dave/Library/Java/JavaVirtualMachines/openjdk-14.0.2/Contents/Home/lib"/>
    <property name="sun.java.command" value="/Users/dave/Downloads/solitair-student/target/surefire/surefirebooter4998865021421595047.jar /Users/dave/Downloads/solitair-student/target/surefire 2020-09-14T17-49-12_481-jvmRun1 surefire5187564882986612237tmp surefire_0796794214177327587tmp"/>
    <property name="http.nonProxyHosts" value="local|*.local|169.254/16|*.169.254/16"/>
    <property name="jdk.debug" value="release"/>
    <property name="surefire.test.class.path" value="/Users/dave/Downloads/solitair-student/target/test-classes:/Users/dave/Downloads/solitair-student/target/classes:/Users/dave/.m2/repository/junit/junit/4.12/junit-4.12.jar:/Users/dave/.m2/repository/org/hamcrest/hamcrest-core/1.3/hamcrest-core-1.3.jar:/Users/dave/.m2/repository/org/assertj/assertj-core/3.8.0/assertj-core-3.8.0.jar:/Users/dave/.m2/repository/org/spockframework/spock-core/1.1-groovy-2.4/spock-core-1.1-groovy-2.4.jar:/Users/dave/.m2/repository/org/codehaus/groovy/groovy-all/2.4.15/groovy-all-2.4.15.jar:/Users/dave/.m2/repository/com/athaydes/spock-reports/1.5.0/spock-reports-1.5.0.jar:/Users/dave/.m2/repository/org/slf4j/slf4j-api/1.7.13/slf4j-api-1.7.13.jar:/Users/dave/.m2/repository/org/slf4j/slf4j-simple/1.7.13/slf4j-simple-1.7.13.jar:"/>
    <property name="sun.cpu.endian" value="little"/>
    <property name="user.home" value="/Users/dave"/>
    <property name="user.language" value="nl"/>
    <property name="java.specification.vendor" value="Oracle Corporation"/>
    <property name="java.version.date" value="2020-07-14"/>
    <property name="java.home" value="/Users/dave/Library/Java/JavaVirtualMachines/openjdk-14.0.2/Contents/Home"/>
    <property name="file.separator" value="/"/>
    <property name="basedir" value="/Users/dave/Downloads/solitair-student"/>
    <property name="java.vm.compressedOopsMode" value="Zero based"/>
    <property name="line.separator" value="&#10;"/>
    <property name="java.specification.name" value="Java Platform API Specification"/>
    <property name="java.vm.specification.vendor" value="Oracle Corporation"/>
    <property name="surefire.real.class.path" value="/Users/dave/Downloads/solitair-student/target/surefire/surefirebooter4998865021421595047.jar"/>
    <property name="sun.management.compiler" value="HotSpot 64-Bit Tiered Compilers"/>
    <property name="ftp.nonProxyHosts" value="local|*.local|169.254/16|*.169.254/16"/>
    <property name="java.runtime.version" value="14.0.2+12-46"/>
    <property name="user.name" value="dave"/>
    <property name="path.separator" value=":"/>
    <property name="os.version" value="10.15.5"/>
    <property name="java.runtime.name" value="OpenJDK Runtime Environment"/>
    <property name="file.encoding" value="UTF-8"/>
    <property name="java.vm.name" value="OpenJDK 64-Bit Server VM"/>
    <property name="localRepository" value="/Users/dave/.m2/repository"/>
    <property name="java.vendor.url.bug" value="https://bugreport.java.com/bugreport/"/>
    <property name="java.io.tmpdir" value="/var/folders/7y/_wb6k5hd39x544nlk55rx3wm0000gn/T/"/>
    <property name="idea.version" value="2020.2.1"/>
    <property name="java.version" value="14.0.2"/>
    <property name="user.dir" value="/Users/dave/Downloads/solitair-student"/>
    <property name="os.arch" value="x86_64"/>
    <property name="java.vm.specification.name" value="Java Virtual Machine Specification"/>
    <property name="java.library.path" value="/Users/dave/Library/Java/Extensions:/Library/Java/Extensions:/Network/Library/Java/Extensions:/System/Library/Java/Extensions:/usr/lib/java:."/>
    <property name="java.vm.info" value="mixed mode, sharing"/>
    <property name="java.vendor" value="Oracle Corporation"/>
    <property name="java.vm.version" value="14.0.2+12-46"/>
    <property name="sun.io.unicode.encoding" value="UnicodeBig"/>
    <property name="socksNonProxyHosts" value="local|*.local|169.254/16|*.169.254/16"/>
    <property name="java.class.version" value="58.0"/>
  </properties>
  <testcase name="Revert move should throw MoveException when no previous moves have been played" classname="nl.quintor.solitaire.game.moves.RevertMoveSpec" time="0.002">
    <failure message="Expected exception of type &apos;nl.quintor.solitaire.game.moves.ex.MoveException&apos;, but no exception was thrown" type="org.spockframework.runtime.WrongExceptionThrownError">org.spockframework.runtime.WrongExceptionThrownError: Expected exception of type 'nl.quintor.solitaire.game.moves.ex.MoveException', but no exception was thrown
	at nl.quintor.solitaire.game.moves.RevertMoveSpec.Revert move should throw MoveException when no previous moves have been played(RevertMoveSpec.groovy:18)
</failure>
  </testcase>
  <testcase name="Given a game with one move played move can be reverted" classname="nl.quintor.solitaire.game.moves.RevertMoveSpec" time="0.002">
    <error message="Cannot invoke method add() on null object" type="java.lang.NullPointerException">java.lang.NullPointerException: Cannot invoke method add() on null object
	at nl.quintor.solitaire.game.moves.RevertMoveSpec.Given a game with one move played move can be reverted(RevertMoveSpec.groovy:24)
</error>
  </testcase>
  <testcase name="Given a game with zero move played cycle one time, cycle can be reverted" classname="nl.quintor.solitaire.game.moves.RevertMoveSpec" time="0.002">
    <error message="Cannot invoke method add() on null object" type="java.lang.NullPointerException">java.lang.NullPointerException: Cannot invoke method add() on null object
	at nl.quintor.solitaire.game.moves.RevertMoveSpec.Given a game with zero move played cycle one time, cycle can be reverted(RevertMoveSpec.groovy:39)
</error>
  </testcase>
  <testcase name="Given a waste with one card cycle count is resetted and cards are back to waste" classname="nl.quintor.solitaire.game.moves.RevertMoveSpec" time="0.002">
    <error message="Cannot invoke method add() on null object" type="java.lang.NullPointerException">java.lang.NullPointerException: Cannot invoke method add() on null object
	at nl.quintor.solitaire.game.moves.RevertMoveSpec.Given a waste with one card cycle count is resetted and cards are back to waste(RevertMoveSpec.groovy:55)
</error>
  </testcase>
  <testcase name="Given a game with multiple moves played last move can be reverted" classname="nl.quintor.solitaire.game.moves.RevertMoveSpec" time="0.002">
    <error message="Cannot invoke method add() on null object" type="java.lang.NullPointerException">java.lang.NullPointerException: Cannot invoke method add() on null object
	at nl.quintor.solitaire.game.moves.RevertMoveSpec.Given a game with multiple moves played last move can be reverted(RevertMoveSpec.groovy:76)
</error>
  </testcase>
</testsuite>