<?xml version="1.0" encoding="UTF-8"?>
<testsuite xmlns:xsi="http://www.w3.org/2001/XMLSchema-instance" xsi:noNamespaceSchemaLocation="https://maven.apache.org/surefire/maven-surefire-plugin/xsd/surefire-test-report.xsd" name="nl.quintor.solitaire.game.moves.CycleStockSpec" time="0.284" tests="7" errors="0" skipped="0" failures="7">
  <properties>
    <property name="java.specification.version" value="14"/>
    <property name="sun.jnu.encoding" value="UTF-8"/>
    <property name="java.class.path" value="/Users/dave/Downloads/solitair-student/target/test-classes:/Users/dave/Downloads/solitair-student/target/classes:/Users/dave/.m2/repository/junit/junit/4.12/junit-4.12.jar:/Users/dave/.m2/repository/org/hamcrest/hamcrest-core/1.3/hamcrest-core-1.3.jar:/Users/dave/.m2/repository/org/assertj/assertj-core/3.8.0/assertj-core-3.8.0.jar:/Users/dave/.m2/repository/org/spockframework/spock-core/1.1-groovy-2.4/spock-core-1.1-groovy-2.4.jar:/Users/dave/.m2/repository/org/codehaus/groovy/groovy-all/2.4.15/groovy-all-2.4.15.jar:/Users/dave/.m2/repository/com/athaydes/spock-reports/1.5.0/spock-reports-1.5.0.jar:/Users/dave/.m2/repository/org/slf4j/slf4j-api/1.7.13/slf4j-api-1.7.13.jar:/Users/dave/.m2/repository/org/slf4j/slf4j-simple/1.7.13/slf4j-simple-1.7.13.jar:"/>
    <property name="java.vm.vendor" value="Oracle Corporation"/>
    <property name="sun.arch.data.model" value="64"/>
    <property name="java.vendor.url" value="https://java.oracle.com/"/>
    <property name="os.name" value="Mac OS X"/>
    <property name="java.vm.specification.version" value="14"/>
    <property name="sun.java.launcher" value="SUN_STANDARD"/>
    <property name="user.country" value="NL"/>
    <property name="sun.boot.library.path" value="/Users/dave/Library/Java/JavaVirtualMachines/openjdk-14.0.2/Contents/Home/lib"/>
    <property name="sun.java.command" value="/Users/dave/Downloads/solitair-student/target/surefire/surefirebooter4998865021421595047.jar /Users/dave/Downloads/solitair-student/target/surefire 2020-09-14T17-49-12_481-jvmRun1 surefire5187564882986612237tmp surefire_0796794214177327587tmp"/>
    <property name="http.nonProxyHosts" value="local|*.local|169.254/16|*.169.254/16"/>
    <property name="jdk.debug" value="release"/>
    <property name="surefire.test.class.path" value="/Users/dave/Downloads/solitair-student/target/test-classes:/Users/dave/Downloads/solitair-student/target/classes:/Users/dave/.m2/repository/junit/junit/4.12/junit-4.12.jar:/Users/dave/.m2/repository/org/hamcrest/hamcrest-core/1.3/hamcrest-core-1.3.jar:/Users/dave/.m2/repository/org/assertj/assertj-core/3.8.0/assertj-core-3.8.0.jar:/Users/dave/.m2/repository/org/spockframework/spock-core/1.1-groovy-2.4/spock-core-1.1-groovy-2.4.jar:/Users/dave/.m2/repository/org/codehaus/groovy/groovy-all/2.4.15/groovy-all-2.4.15.jar:/Users/dave/.m2/repository/com/athaydes/spock-reports/1.5.0/spock-reports-1.5.0.jar:/Users/dave/.m2/repository/org/slf4j/slf4j-api/1.7.13/slf4j-api-1.7.13.jar:/Users/dave/.m2/repository/org/slf4j/slf4j-simple/1.7.13/slf4j-simple-1.7.13.jar:"/>
    <property name="sun.cpu.endian" value="little"/>
    <property name="user.home" value="/Users/dave"/>
    <property name="user.language" value="nl"/>
    <property name="java.specification.vendor" value="Oracle Corporation"/>
    <property name="java.version.date" value="2020-07-14"/>
    <property name="java.home" value="/Users/dave/Library/Java/JavaVirtualMachines/openjdk-14.0.2/Contents/Home"/>
    <property name="file.separator" value="/"/>
    <property name="basedir" value="/Users/dave/Downloads/solitair-student"/>
    <property name="java.vm.compressedOopsMode" value="Zero based"/>
    <property name="line.separator" value="&#10;"/>
    <property name="java.specification.name" value="Java Platform API Specification"/>
    <property name="java.vm.specification.vendor" value="Oracle Corporation"/>
    <property name="surefire.real.class.path" value="/Users/dave/Downloads/solitair-student/target/surefire/surefirebooter4998865021421595047.jar"/>
    <property name="sun.management.compiler" value="HotSpot 64-Bit Tiered Compilers"/>
    <property name="ftp.nonProxyHosts" value="local|*.local|169.254/16|*.169.254/16"/>
    <property name="java.runtime.version" value="14.0.2+12-46"/>
    <property name="user.name" value="dave"/>
    <property name="path.separator" value=":"/>
    <property name="os.version" value="10.15.5"/>
    <property name="java.runtime.name" value="OpenJDK Runtime Environment"/>
    <property name="file.encoding" value="UTF-8"/>
    <property name="java.vm.name" value="OpenJDK 64-Bit Server VM"/>
    <property name="localRepository" value="/Users/dave/.m2/repository"/>
    <property name="java.vendor.url.bug" value="https://bugreport.java.com/bugreport/"/>
    <property name="java.io.tmpdir" value="/var/folders/7y/_wb6k5hd39x544nlk55rx3wm0000gn/T/"/>
    <property name="idea.version" value="2020.2.1"/>
    <property name="java.version" value="14.0.2"/>
    <property name="user.dir" value="/Users/dave/Downloads/solitair-student"/>
    <property name="os.arch" value="x86_64"/>
    <property name="java.vm.specification.name" value="Java Virtual Machine Specification"/>
    <property name="java.library.path" value="/Users/dave/Library/Java/Extensions:/Library/Java/Extensions:/Network/Library/Java/Extensions:/System/Library/Java/Extensions:/usr/lib/java:."/>
    <property name="java.vm.info" value="mixed mode, sharing"/>
    <property name="java.vendor" value="Oracle Corporation"/>
    <property name="java.vm.version" value="14.0.2+12-46"/>
    <property name="sun.io.unicode.encoding" value="UnicodeBig"/>
    <property name="socksNonProxyHosts" value="local|*.local|169.254/16|*.169.254/16"/>
    <property name="java.class.version" value="58.0"/>
  </properties>
  <testcase name="Testing Cycle with empty stock and waste" classname="nl.quintor.solitaire.game.moves.CycleStockSpec" time="0.005">
    <failure message="Expected exception of type &apos;nl.quintor.solitaire.game.moves.ex.MoveException&apos;, but no exception was thrown" type="org.spockframework.runtime.WrongExceptionThrownError">org.spockframework.runtime.WrongExceptionThrownError: Expected exception of type 'nl.quintor.solitaire.game.moves.ex.MoveException', but no exception was thrown
	at nl.quintor.solitaire.game.moves.CycleStockSpec.Testing Cycle with empty stock and waste(CycleStockSpec.groovy:37)
</failure>
  </testcase>
  <testcase name="Testing Cycle with empty waste" classname="nl.quintor.solitaire.game.moves.CycleStockSpec" time="0.029">
    <failure message="Condition not satisfied:&#10;&#10;gameState.stockCycles == 1&#10;|         |           |&#10;|         0           false&#10;0 move(s) played in 00:00:00 for 0 points&#10;" type="org.spockframework.runtime.SpockComparisonFailure">org.spockframework.runtime.SpockComparisonFailure: 
Condition not satisfied:

gameState.stockCycles == 1
|         |           |
|         0           false
0 move(s) played in 00:00:00 for 0 points

	at nl.quintor.solitaire.game.moves.CycleStockSpec.Testing Cycle with empty waste(CycleStockSpec.groovy:48)
</failure>
  </testcase>
  <testcase name="Testing Cycle with empty waste and multiple cards in stock" classname="nl.quintor.solitaire.game.moves.CycleStockSpec" time="0.004">
    <failure message="Condition not satisfied:&#10;&#10;gameState.stockCycles == 1&#10;|         |           |&#10;|         0           false&#10;0 move(s) played in 00:00:00 for 0 points&#10;" type="org.spockframework.runtime.SpockComparisonFailure">org.spockframework.runtime.SpockComparisonFailure: 
Condition not satisfied:

gameState.stockCycles == 1
|         |           |
|         0           false
0 move(s) played in 00:00:00 for 0 points

	at nl.quintor.solitaire.game.moves.CycleStockSpec.Testing Cycle with empty waste and multiple cards in stock(CycleStockSpec.groovy:61)
</failure>
  </testcase>
  <testcase name="Given a stock having: [CLUBS ACE] and a waste having: [] cycling 1 times should result in stock having: [CLUBS ACE]&#10;         waste having: [] and cycle count of 1" classname="nl.quintor.solitaire.game.moves.CycleStockSpec" time="0.149">
    <failure message="Condition not satisfied:&#10;&#10;gameState.stockCycles == cycleCount&#10;|         |           |  |&#10;|         0           |  1&#10;|                     false&#10;0 move(s) played in 00:00:00 for 0 points&#10;" type="org.spockframework.runtime.SpockComparisonFailure">org.spockframework.runtime.SpockComparisonFailure: 
Condition not satisfied:

gameState.stockCycles == cycleCount
|         |           |  |
|         0           |  1
|                     false
0 move(s) played in 00:00:00 for 0 points

	at nl.quintor.solitaire.game.moves.CycleStockSpec.Given a stock having: #stock and a waste having: #waste cycling #cyclingTimes times should result in stock having: #resultingStock
         waste having: #resultingWaste and cycle count of #cycleCount(CycleStockSpec.groovy:82)
</failure>
  </testcase>
  <testcase name="Given a stock having: [CLUBS ACE] and a waste having: [CLUBS TWO] cycling 1 times should result in stock having: [CLUBS ACE, CLUBS TWO]&#10;         waste having: [] and cycle count of 0" classname="nl.quintor.solitaire.game.moves.CycleStockSpec" time="0.009">
    <failure message="Condition failed with Exception:&#10;&#10;assertThat(gameState.stock).containsExactly(resultingStock.toArray())&#10;|          |         |      |               |              |&#10;|          |         |      |               |              [CLUBS ACE, CLUBS TWO]&#10;|          |         |      |               [CLUBS ACE, CLUBS TWO]&#10;|          |         |      java.lang.AssertionError: &#10;|          |         |      Actual and expected should have same size but actual size was:&#10;|          |         |        &lt;1&gt;&#10;|          |         |      while expected size was:&#10;|          |         |        &lt;2&gt;&#10;|          |         |      Actual was:&#10;|          |         |        &lt;[CLUBS ACE]&gt;&#10;|          |         |      Expected was:&#10;|          |         |        &lt;[CLUBS ACE, CLUBS TWO]&gt;&#10;|          |         [CLUBS ACE]&#10;|          0 move(s) played in 00:00:00 for 0 points&#10;org.assertj.core.api.ListAssert@1&#10;" type="org.spockframework.runtime.ConditionFailedWithExceptionError"><![CDATA[org.spockframework.runtime.ConditionFailedWithExceptionError: 
Condition failed with Exception:

assertThat(gameState.stock).containsExactly(resultingStock.toArray())
|          |         |      |               |              |
|          |         |      |               |              [CLUBS ACE, CLUBS TWO]
|          |         |      |               [CLUBS ACE, CLUBS TWO]
|          |         |      java.lang.AssertionError: 
|          |         |      Actual and expected should have same size but actual size was:
|          |         |        <1>
|          |         |      while expected size was:
|          |         |        <2>
|          |         |      Actual was:
|          |         |        <[CLUBS ACE]>
|          |         |      Expected was:
|          |         |        <[CLUBS ACE, CLUBS TWO]>
|          |         [CLUBS ACE]
|          0 move(s) played in 00:00:00 for 0 points
org.assertj.core.api.ListAssert@1

	at nl.quintor.solitaire.game.moves.CycleStockSpec.Given a stock having: #stock and a waste having: #waste cycling #cyclingTimes times should result in stock having: #resultingStock
         waste having: #resultingWaste and cycle count of #cycleCount(CycleStockSpec.groovy:80)
Caused by: java.lang.AssertionError: 

Actual and expected should have same size but actual size was:
  <1>
while expected size was:
  <2>
Actual was:
  <[CLUBS ACE]>
Expected was:
  <[CLUBS ACE, CLUBS TWO]>

	at nl.quintor.solitaire.game.moves.CycleStockSpec.Given a stock having: #stock and a waste having: #waste cycling #cyclingTimes times should result in stock having: #resultingStock
         waste having: #resultingWaste and cycle count of #cycleCount(CycleStockSpec.groovy:80)
]]></failure>
  </testcase>
  <testcase name="Given a stock having: [CLUBS ACE, CLUBS TWO] and a waste having: [] cycling 2 times should result in stock having: [CLUBS ACE, CLUBS TWO]&#10;         waste having: [] and cycle count of 1" classname="nl.quintor.solitaire.game.moves.CycleStockSpec" time="0.003">
    <failure message="Condition not satisfied:&#10;&#10;gameState.stockCycles == cycleCount&#10;|         |           |  |&#10;|         0           |  1&#10;|                     false&#10;0 move(s) played in 00:00:00 for 0 points&#10;" type="org.spockframework.runtime.SpockComparisonFailure">org.spockframework.runtime.SpockComparisonFailure: 
Condition not satisfied:

gameState.stockCycles == cycleCount
|         |           |  |
|         0           |  1
|                     false
0 move(s) played in 00:00:00 for 0 points

	at nl.quintor.solitaire.game.moves.CycleStockSpec.Given a stock having: #stock and a waste having: #waste cycling #cyclingTimes times should result in stock having: #resultingStock
         waste having: #resultingWaste and cycle count of #cycleCount(CycleStockSpec.groovy:82)
</failure>
  </testcase>
  <testcase name="Given a stock having: [] and a waste having: [CLUBS ACE, CLUBS TWO] cycling 1 times should result in stock having: [CLUBS ACE]&#10;         waste having: [CLUBS TWO] and cycle count of 0" classname="nl.quintor.solitaire.game.moves.CycleStockSpec" time="0.005">
    <failure message="Condition failed with Exception:&#10;&#10;assertThat(gameState.stock).containsExactly(resultingStock.toArray())&#10;|          |         |      |               |              |&#10;|          |         []     |               [CLUBS ACE]    [CLUBS ACE]&#10;|          |                java.lang.AssertionError: &#10;|          |                Actual and expected should have same size but actual size was:&#10;|          |                  &lt;0&gt;&#10;|          |                while expected size was:&#10;|          |                  &lt;1&gt;&#10;|          |                Actual was:&#10;|          |                  &lt;[]&gt;&#10;|          |                Expected was:&#10;|          |                  &lt;[CLUBS ACE]&gt;&#10;|          0 move(s) played in 00:00:00 for 0 points&#10;org.assertj.core.api.ListAssert@1&#10;" type="org.spockframework.runtime.ConditionFailedWithExceptionError"><![CDATA[org.spockframework.runtime.ConditionFailedWithExceptionError: 
Condition failed with Exception:

assertThat(gameState.stock).containsExactly(resultingStock.toArray())
|          |         |      |               |              |
|          |         []     |               [CLUBS ACE]    [CLUBS ACE]
|          |                java.lang.AssertionError: 
|          |                Actual and expected should have same size but actual size was:
|          |                  <0>
|          |                while expected size was:
|          |                  <1>
|          |                Actual was:
|          |                  <[]>
|          |                Expected was:
|          |                  <[CLUBS ACE]>
|          0 move(s) played in 00:00:00 for 0 points
org.assertj.core.api.ListAssert@1

	at nl.quintor.solitaire.game.moves.CycleStockSpec.Given a stock having: #stock and a waste having: #waste cycling #cyclingTimes times should result in stock having: #resultingStock
         waste having: #resultingWaste and cycle count of #cycleCount(CycleStockSpec.groovy:80)
Caused by: java.lang.AssertionError: 

Actual and expected should have same size but actual size was:
  <0>
while expected size was:
  <1>
Actual was:
  <[]>
Expected was:
  <[CLUBS ACE]>

	at nl.quintor.solitaire.game.moves.CycleStockSpec.Given a stock having: #stock and a waste having: #waste cycling #cyclingTimes times should result in stock having: #resultingStock
         waste having: #resultingWaste and cycle count of #cycleCount(CycleStockSpec.groovy:80)
]]></failure>
  </testcase>
</testsuite>