<?xml version="1.0" encoding="UTF-8"?>
<testsuite xmlns:xsi="http://www.w3.org/2001/XMLSchema-instance" xsi:noNamespaceSchemaLocation="https://maven.apache.org/surefire/maven-surefire-plugin/xsd/surefire-test-report.xsd" name="nl.quintor.solitaire.game.GameStateControllerSpec" time="0.064" tests="11" errors="0" skipped="0" failures="5">
  <properties>
    <property name="java.specification.version" value="14"/>
    <property name="sun.jnu.encoding" value="UTF-8"/>
    <property name="java.class.path" value="/Users/dave/Downloads/solitair-student/target/test-classes:/Users/dave/Downloads/solitair-student/target/classes:/Users/dave/.m2/repository/junit/junit/4.12/junit-4.12.jar:/Users/dave/.m2/repository/org/hamcrest/hamcrest-core/1.3/hamcrest-core-1.3.jar:/Users/dave/.m2/repository/org/assertj/assertj-core/3.8.0/assertj-core-3.8.0.jar:/Users/dave/.m2/repository/org/spockframework/spock-core/1.1-groovy-2.4/spock-core-1.1-groovy-2.4.jar:/Users/dave/.m2/repository/org/codehaus/groovy/groovy-all/2.4.15/groovy-all-2.4.15.jar:/Users/dave/.m2/repository/com/athaydes/spock-reports/1.5.0/spock-reports-1.5.0.jar:/Users/dave/.m2/repository/org/slf4j/slf4j-api/1.7.13/slf4j-api-1.7.13.jar:/Users/dave/.m2/repository/org/slf4j/slf4j-simple/1.7.13/slf4j-simple-1.7.13.jar:"/>
    <property name="java.vm.vendor" value="Oracle Corporation"/>
    <property name="sun.arch.data.model" value="64"/>
    <property name="java.vendor.url" value="https://java.oracle.com/"/>
    <property name="os.name" value="Mac OS X"/>
    <property name="java.vm.specification.version" value="14"/>
    <property name="sun.java.launcher" value="SUN_STANDARD"/>
    <property name="user.country" value="NL"/>
    <property name="sun.boot.library.path" value="/Users/dave/Library/Java/JavaVirtualMachines/openjdk-14.0.2/Contents/Home/lib"/>
    <property name="sun.java.command" value="/Users/dave/Downloads/solitair-student/target/surefire/surefirebooter4998865021421595047.jar /Users/dave/Downloads/solitair-student/target/surefire 2020-09-14T17-49-12_481-jvmRun1 surefire5187564882986612237tmp surefire_0796794214177327587tmp"/>
    <property name="http.nonProxyHosts" value="local|*.local|169.254/16|*.169.254/16"/>
    <property name="jdk.debug" value="release"/>
    <property name="surefire.test.class.path" value="/Users/dave/Downloads/solitair-student/target/test-classes:/Users/dave/Downloads/solitair-student/target/classes:/Users/dave/.m2/repository/junit/junit/4.12/junit-4.12.jar:/Users/dave/.m2/repository/org/hamcrest/hamcrest-core/1.3/hamcrest-core-1.3.jar:/Users/dave/.m2/repository/org/assertj/assertj-core/3.8.0/assertj-core-3.8.0.jar:/Users/dave/.m2/repository/org/spockframework/spock-core/1.1-groovy-2.4/spock-core-1.1-groovy-2.4.jar:/Users/dave/.m2/repository/org/codehaus/groovy/groovy-all/2.4.15/groovy-all-2.4.15.jar:/Users/dave/.m2/repository/com/athaydes/spock-reports/1.5.0/spock-reports-1.5.0.jar:/Users/dave/.m2/repository/org/slf4j/slf4j-api/1.7.13/slf4j-api-1.7.13.jar:/Users/dave/.m2/repository/org/slf4j/slf4j-simple/1.7.13/slf4j-simple-1.7.13.jar:"/>
    <property name="sun.cpu.endian" value="little"/>
    <property name="user.home" value="/Users/dave"/>
    <property name="user.language" value="nl"/>
    <property name="java.specification.vendor" value="Oracle Corporation"/>
    <property name="java.version.date" value="2020-07-14"/>
    <property name="java.home" value="/Users/dave/Library/Java/JavaVirtualMachines/openjdk-14.0.2/Contents/Home"/>
    <property name="file.separator" value="/"/>
    <property name="basedir" value="/Users/dave/Downloads/solitair-student"/>
    <property name="java.vm.compressedOopsMode" value="Zero based"/>
    <property name="line.separator" value="&#10;"/>
    <property name="java.specification.name" value="Java Platform API Specification"/>
    <property name="java.vm.specification.vendor" value="Oracle Corporation"/>
    <property name="surefire.real.class.path" value="/Users/dave/Downloads/solitair-student/target/surefire/surefirebooter4998865021421595047.jar"/>
    <property name="sun.management.compiler" value="HotSpot 64-Bit Tiered Compilers"/>
    <property name="ftp.nonProxyHosts" value="local|*.local|169.254/16|*.169.254/16"/>
    <property name="java.runtime.version" value="14.0.2+12-46"/>
    <property name="user.name" value="dave"/>
    <property name="path.separator" value=":"/>
    <property name="os.version" value="10.15.5"/>
    <property name="java.runtime.name" value="OpenJDK Runtime Environment"/>
    <property name="file.encoding" value="UTF-8"/>
    <property name="java.vm.name" value="OpenJDK 64-Bit Server VM"/>
    <property name="localRepository" value="/Users/dave/.m2/repository"/>
    <property name="java.vendor.url.bug" value="https://bugreport.java.com/bugreport/"/>
    <property name="java.io.tmpdir" value="/var/folders/7y/_wb6k5hd39x544nlk55rx3wm0000gn/T/"/>
    <property name="idea.version" value="2020.2.1"/>
    <property name="java.version" value="14.0.2"/>
    <property name="user.dir" value="/Users/dave/Downloads/solitair-student"/>
    <property name="os.arch" value="x86_64"/>
    <property name="java.vm.specification.name" value="Java Virtual Machine Specification"/>
    <property name="java.library.path" value="/Users/dave/Library/Java/Extensions:/Library/Java/Extensions:/Network/Library/Java/Extensions:/System/Library/Java/Extensions:/usr/lib/java:."/>
    <property name="java.vm.info" value="mixed mode, sharing"/>
    <property name="java.vendor" value="Oracle Corporation"/>
    <property name="java.vm.version" value="14.0.2+12-46"/>
    <property name="sun.io.unicode.encoding" value="UnicodeBig"/>
    <property name="socksNonProxyHosts" value="local|*.local|169.254/16|*.169.254/16"/>
    <property name="java.class.version" value="58.0"/>
  </properties>
  <testcase name="init should create a valid game state" classname="nl.quintor.solitaire.game.GameStateControllerSpec" time="0.002">
    <failure message="Condition not satisfied:&#10;&#10;stock.size() == 1&#10;|     |      |&#10;[]    0      false&#10;" type="org.spockframework.runtime.SpockComparisonFailure">org.spockframework.runtime.SpockComparisonFailure: 
Condition not satisfied:

stock.size() == 1
|     |      |
[]    0      false

	at nl.quintor.solitaire.game.GameStateControllerSpec.init should create a valid game state_closure1(GameStateControllerSpec.groovy:27)
	at nl.quintor.solitaire.game.GameStateControllerSpec.init should create a valid game state(GameStateControllerSpec.groovy:26)
</failure>
  </testcase>
  <testcase name="Win detection should return false when testing: New game" classname="nl.quintor.solitaire.game.GameStateControllerSpec" time="0"/>
  <testcase name="Win detection should return false when testing: Empty stock and waste but invisible cards left in columns" classname="nl.quintor.solitaire.game.GameStateControllerSpec" time="0"/>
  <testcase name="Win detection should return true when testing: Empty stock and waste but visible cards left in columns" classname="nl.quintor.solitaire.game.GameStateControllerSpec" time="0.004">
    <failure message="Condition not satisfied:&#10;&#10;gameState.isGameWon() == expectedResult&#10;|         |           |  |&#10;|         false       |  true&#10;|                     false&#10;0 move(s) played in 00:00:00 for 0 points&#10;" type="org.spockframework.runtime.SpockComparisonFailure">org.spockframework.runtime.SpockComparisonFailure: 
Condition not satisfied:

gameState.isGameWon() == expectedResult
|         |           |  |
|         false       |  true
|                     false
0 move(s) played in 00:00:00 for 0 points

	at nl.quintor.solitaire.game.GameStateControllerSpec.Win detection should return #expectedResult when testing: #testCase(GameStateControllerSpec.groovy:80)
</failure>
  </testcase>
  <testcase name="A bonus should be given of 0 when testing: Game less than 30 seconds" classname="nl.quintor.solitaire.game.GameStateControllerSpec" time="0"/>
  <testcase name="A bonus should be given of 0 when testing: Game exactly 30 seconds" classname="nl.quintor.solitaire.game.GameStateControllerSpec" time="0.001"/>
  <testcase name="A bonus should be given of 22580 when testing: Game exactly 31 seconds" classname="nl.quintor.solitaire.game.GameStateControllerSpec" time="0.001"/>
  <testcase name="A bonus should be given of 1400 when testing: Game of 500 seconds" classname="nl.quintor.solitaire.game.GameStateControllerSpec" time="0"/>
  <testcase name="A penalty should be applied of -4 based on a game duration of 29" classname="nl.quintor.solitaire.game.GameStateControllerSpec" time="0.003">
    <failure message="Condition not satisfied:&#10;&#10;gameState.timeScore == expectedPenalty&#10;|         |         |  |&#10;|         0         |  -4&#10;|                   false&#10;0 move(s) played in 00:00:29 for 0 points&#10;" type="org.spockframework.runtime.SpockComparisonFailure">org.spockframework.runtime.SpockComparisonFailure: 
Condition not satisfied:

gameState.timeScore == expectedPenalty
|         |         |  |
|         0         |  -4
|                   false
0 move(s) played in 00:00:29 for 0 points

	at nl.quintor.solitaire.game.GameStateControllerSpec.A penalty should be applied of #expectedPenalty based on a game duration of #duration(GameStateControllerSpec.groovy:105)
</failure>
  </testcase>
  <testcase name="A penalty should be applied of -6 based on a game duration of 30" classname="nl.quintor.solitaire.game.GameStateControllerSpec" time="0.002">
    <failure message="Condition not satisfied:&#10;&#10;gameState.timeScore == expectedPenalty&#10;|         |         |  |&#10;|         0         |  -6&#10;|                   false&#10;0 move(s) played in 00:00:30 for 0 points&#10;" type="org.spockframework.runtime.SpockComparisonFailure">org.spockframework.runtime.SpockComparisonFailure: 
Condition not satisfied:

gameState.timeScore == expectedPenalty
|         |         |  |
|         0         |  -6
|                   false
0 move(s) played in 00:00:30 for 0 points

	at nl.quintor.solitaire.game.GameStateControllerSpec.A penalty should be applied of #expectedPenalty based on a game duration of #duration(GameStateControllerSpec.groovy:105)
</failure>
  </testcase>
  <testcase name="A penalty should be applied of -100 based on a game duration of 500" classname="nl.quintor.solitaire.game.GameStateControllerSpec" time="0.004">
    <failure message="Condition not satisfied:&#10;&#10;gameState.timeScore == expectedPenalty&#10;|         |         |  |&#10;|         0         |  -100&#10;|                   false&#10;0 move(s) played in 00:08:20 for 0 points&#10;" type="org.spockframework.runtime.SpockComparisonFailure">org.spockframework.runtime.SpockComparisonFailure: 
Condition not satisfied:

gameState.timeScore == expectedPenalty
|         |         |  |
|         0         |  -100
|                   false
0 move(s) played in 00:08:20 for 0 points

	at nl.quintor.solitaire.game.GameStateControllerSpec.A penalty should be applied of #expectedPenalty based on a game duration of #duration(GameStateControllerSpec.groovy:105)
</failure>
  </testcase>
</testsuite>