<?xml version="1.0" encoding="UTF-8"?>
<testsuite xmlns:xsi="http://www.w3.org/2001/XMLSchema-instance" xsi:noNamespaceSchemaLocation="https://maven.apache.org/surefire/maven-surefire-plugin/xsd/surefire-test-report.xsd" name="nl.quintor.solitaire.ui.cli.GameStateParserSpec" time="1.444" tests="8" errors="2" skipped="0" failures="3">
  <properties>
    <property name="java.specification.version" value="14"/>
    <property name="sun.jnu.encoding" value="UTF-8"/>
    <property name="java.class.path" value="/Users/dave/Downloads/solitair-student/target/test-classes:/Users/dave/Downloads/solitair-student/target/classes:/Users/dave/.m2/repository/junit/junit/4.12/junit-4.12.jar:/Users/dave/.m2/repository/org/hamcrest/hamcrest-core/1.3/hamcrest-core-1.3.jar:/Users/dave/.m2/repository/org/assertj/assertj-core/3.8.0/assertj-core-3.8.0.jar:/Users/dave/.m2/repository/org/spockframework/spock-core/1.1-groovy-2.4/spock-core-1.1-groovy-2.4.jar:/Users/dave/.m2/repository/org/codehaus/groovy/groovy-all/2.4.15/groovy-all-2.4.15.jar:/Users/dave/.m2/repository/com/athaydes/spock-reports/1.5.0/spock-reports-1.5.0.jar:/Users/dave/.m2/repository/org/slf4j/slf4j-api/1.7.13/slf4j-api-1.7.13.jar:/Users/dave/.m2/repository/org/slf4j/slf4j-simple/1.7.13/slf4j-simple-1.7.13.jar:"/>
    <property name="java.vm.vendor" value="Oracle Corporation"/>
    <property name="sun.arch.data.model" value="64"/>
    <property name="java.vendor.url" value="https://java.oracle.com/"/>
    <property name="os.name" value="Mac OS X"/>
    <property name="java.vm.specification.version" value="14"/>
    <property name="sun.java.launcher" value="SUN_STANDARD"/>
    <property name="user.country" value="NL"/>
    <property name="sun.boot.library.path" value="/Users/dave/Library/Java/JavaVirtualMachines/openjdk-14.0.2/Contents/Home/lib"/>
    <property name="sun.java.command" value="/Users/dave/Downloads/solitair-student/target/surefire/surefirebooter4998865021421595047.jar /Users/dave/Downloads/solitair-student/target/surefire 2020-09-14T17-49-12_481-jvmRun1 surefire5187564882986612237tmp surefire_0796794214177327587tmp"/>
    <property name="http.nonProxyHosts" value="local|*.local|169.254/16|*.169.254/16"/>
    <property name="jdk.debug" value="release"/>
    <property name="surefire.test.class.path" value="/Users/dave/Downloads/solitair-student/target/test-classes:/Users/dave/Downloads/solitair-student/target/classes:/Users/dave/.m2/repository/junit/junit/4.12/junit-4.12.jar:/Users/dave/.m2/repository/org/hamcrest/hamcrest-core/1.3/hamcrest-core-1.3.jar:/Users/dave/.m2/repository/org/assertj/assertj-core/3.8.0/assertj-core-3.8.0.jar:/Users/dave/.m2/repository/org/spockframework/spock-core/1.1-groovy-2.4/spock-core-1.1-groovy-2.4.jar:/Users/dave/.m2/repository/org/codehaus/groovy/groovy-all/2.4.15/groovy-all-2.4.15.jar:/Users/dave/.m2/repository/com/athaydes/spock-reports/1.5.0/spock-reports-1.5.0.jar:/Users/dave/.m2/repository/org/slf4j/slf4j-api/1.7.13/slf4j-api-1.7.13.jar:/Users/dave/.m2/repository/org/slf4j/slf4j-simple/1.7.13/slf4j-simple-1.7.13.jar:"/>
    <property name="sun.cpu.endian" value="little"/>
    <property name="user.home" value="/Users/dave"/>
    <property name="user.language" value="nl"/>
    <property name="java.specification.vendor" value="Oracle Corporation"/>
    <property name="java.version.date" value="2020-07-14"/>
    <property name="java.home" value="/Users/dave/Library/Java/JavaVirtualMachines/openjdk-14.0.2/Contents/Home"/>
    <property name="file.separator" value="/"/>
    <property name="basedir" value="/Users/dave/Downloads/solitair-student"/>
    <property name="java.vm.compressedOopsMode" value="Zero based"/>
    <property name="line.separator" value="&#10;"/>
    <property name="java.specification.name" value="Java Platform API Specification"/>
    <property name="java.vm.specification.vendor" value="Oracle Corporation"/>
    <property name="surefire.real.class.path" value="/Users/dave/Downloads/solitair-student/target/surefire/surefirebooter4998865021421595047.jar"/>
    <property name="sun.management.compiler" value="HotSpot 64-Bit Tiered Compilers"/>
    <property name="ftp.nonProxyHosts" value="local|*.local|169.254/16|*.169.254/16"/>
    <property name="java.runtime.version" value="14.0.2+12-46"/>
    <property name="user.name" value="dave"/>
    <property name="path.separator" value=":"/>
    <property name="os.version" value="10.15.5"/>
    <property name="java.runtime.name" value="OpenJDK Runtime Environment"/>
    <property name="file.encoding" value="UTF-8"/>
    <property name="java.vm.name" value="OpenJDK 64-Bit Server VM"/>
    <property name="localRepository" value="/Users/dave/.m2/repository"/>
    <property name="java.vendor.url.bug" value="https://bugreport.java.com/bugreport/"/>
    <property name="java.io.tmpdir" value="/var/folders/7y/_wb6k5hd39x544nlk55rx3wm0000gn/T/"/>
    <property name="idea.version" value="2020.2.1"/>
    <property name="java.version" value="14.0.2"/>
    <property name="user.dir" value="/Users/dave/Downloads/solitair-student"/>
    <property name="os.arch" value="x86_64"/>
    <property name="java.vm.specification.name" value="Java Virtual Machine Specification"/>
    <property name="java.library.path" value="/Users/dave/Library/Java/Extensions:/Library/Java/Extensions:/Network/Library/Java/Extensions:/System/Library/Java/Extensions:/usr/lib/java:."/>
    <property name="java.vm.info" value="mixed mode, sharing"/>
    <property name="java.vendor" value="Oracle Corporation"/>
    <property name="java.vm.version" value="14.0.2+12-46"/>
    <property name="sun.io.unicode.encoding" value="UnicodeBig"/>
    <property name="socksNonProxyHosts" value="local|*.local|169.254/16|*.169.254/16"/>
    <property name="java.class.version" value="58.0"/>
  </properties>
  <testcase name="PadNAdd should add padding with testcase : pad string of lenght of 0" classname="nl.quintor.solitaire.ui.cli.GameStateParserSpec" time="0.086">
    <failure message="Condition not satisfied:&#10;&#10;builder.toString() == expectedResult&#10;|       |          |  |&#10;|       &quot;&quot;         |                      &#10;|                  false&#10;|                  20 differences (0% similarity)&#10;|                  (--------------------)&#10;|                  (                    )&#10;java.lang.StringBuilder@666b83a4&#10;" type="org.spockframework.runtime.SpockComparisonFailure">org.spockframework.runtime.SpockComparisonFailure: 
Condition not satisfied:

builder.toString() == expectedResult
|       |          |  |
|       ""         |                      
|                  false
|                  20 differences (0% similarity)
|                  (--------------------)
|                  (                    )
java.lang.StringBuilder@666b83a4

	at nl.quintor.solitaire.ui.cli.GameStateParserSpec.PadNAdd should add padding with testcase : #testCase(GameStateParserSpec.groovy:21)
</failure>
    <system-err><![CDATA[[main] WARN com.athaydes.spockframework.report.SpockReportExtension - Got configuration from Spock: com.athaydes.spockframework.report.internal.SpockReportsConfiguration([:])
[main] INFO com.athaydes.spockframework.report.internal.ConfigLoader - SpockReports config loaded: {com.athaydes.spockframework.report.projectVersion=Unknown, com.athaydes.spockframework.report.template.TemplateReportCreator.enabled=true, com.athaydes.spockframework.report.internal.HtmlReportCreator.printThrowableStackTrace=false, com.athaydes.spockframework.report.template.TemplateReportCreator.specTemplateFile=/templateReportCreator/spec-template.md, com.athaydes.spockframework.report.template.TemplateReportCreator.reportFileExtension=md, com.athaydes.spockframework.report.hideEmptyBlocks=false, com.athaydes.spockframework.report.template.TemplateReportCreator.summaryTemplateFile=/templateReportCreator/summary-template.md, com.athaydes.spockframework.report.template.TemplateReportCreator.summaryFileName=summary.md, com.athaydes.spockframework.report.internal.HtmlReportCreator.enabled=true, com.athaydes.spockframework.report.outputDir=build/spock-reports, com.athaydes.spockframework.report.projectName=, com.athaydes.spockframework.report.showCodeBlocks=false, com.athaydes.spockframework.report.internal.HtmlReportCreator.inlineCss=true, com.athaydes.spockframework.report.internal.HtmlReportCreator.featureReportCss=spock-feature-report.css, com.athaydes.spockframework.report.testSourceRoots=src/test/groovy, com.athaydes.spockframework.report.internal.HtmlReportCreator.summaryReportCss=spock-summary-report.css, com.athaydes.spockframework.report.internal.HtmlReportCreator.excludeToc=false, com.athaydes.spockframework.report.IReportCreator=com.athaydes.spockframework.report.internal.HtmlReportCreator}
]]></system-err>
  </testcase>
  <testcase name="PadNAdd should add padding with testcase : pad string of lenght of 1" classname="nl.quintor.solitaire.ui.cli.GameStateParserSpec" time="0.009"/>
  <testcase name="PadNAdd should add padding with testcase : pad string of lenght greater then 1" classname="nl.quintor.solitaire.ui.cli.GameStateParserSpec" time="0.004">
    <failure message="Condition not satisfied:&#10;&#10;builder.toString() == expectedResult&#10;|       |          |  |&#10;|       &quot;&quot;         |  abc                 &#10;|                  false&#10;|                  20 differences (0% similarity)&#10;|                  (--------------------)&#10;|                  (abc                 )&#10;java.lang.StringBuilder@6e1d8f9e&#10;" type="org.spockframework.runtime.SpockComparisonFailure">org.spockframework.runtime.SpockComparisonFailure: 
Condition not satisfied:

builder.toString() == expectedResult
|       |          |  |
|       ""         |  abc                 
|                  false
|                  20 differences (0% similarity)
|                  (--------------------)
|                  (abc                 )
java.lang.StringBuilder@6e1d8f9e

	at nl.quintor.solitaire.ui.cli.GameStateParserSpec.PadNAdd should add padding with testcase : #testCase(GameStateParserSpec.groovy:21)
</failure>
  </testcase>
  <testcase name="cardStringOrNull should return null when testing : Should return null when input deck is empty" classname="nl.quintor.solitaire.ui.cli.GameStateParserSpec" time="0.001"/>
  <testcase name="cardStringOrNull should return null when testing : Should return null when index is invalid" classname="nl.quintor.solitaire.ui.cli.GameStateParserSpec" time="0.001"/>
  <testcase name="cardStringOrNull should return ♦ 3 when testing : Should return ♦ 3 whith valid index pointing to card" classname="nl.quintor.solitaire.ui.cli.GameStateParserSpec" time="0.004">
    <failure message="Condition not satisfied:&#10;&#10;result == expectedResult&#10;|      |  |&#10;|      |  ♦ 3&#10;|      false&#10;|      13 differences (7% similarity)&#10;|      (DIAMONDS) (THREE)&#10;|      (♦-------) (3----)&#10;DIAMONDS THREE&#10;" type="org.spockframework.runtime.SpockComparisonFailure">org.spockframework.runtime.SpockComparisonFailure: 
Condition not satisfied:

result == expectedResult
|      |  |
|      |  ♦ 3
|      false
|      13 differences (7% similarity)
|      (DIAMONDS) (THREE)
|      (♦-------) (3----)
DIAMONDS THREE

	at nl.quintor.solitaire.ui.cli.GameStateParserSpec.cardStringOrNull should return #expectedResult when testing : #testCase(GameStateParserSpec.groovy:33)
</failure>
  </testcase>
  <testcase name="printRow should return #expectedResult when testing: #testCase" classname="nl.quintor.solitaire.ui.cli.GameStateParserSpec" time="0.012">
    <error message="(class: java_util_stream_IntStream$range, method: callStatic signature: (Ljava/lang/Class;[Ljava/lang/Object;)Ljava/lang/Object;) Illegal type in constant pool" type="java.lang.VerifyError">java.lang.VerifyError: (class: java_util_stream_IntStream$range, method: callStatic signature: (Ljava/lang/Class;[Ljava/lang/Object;)Ljava/lang/Object;) Illegal type in constant pool
	at nl.quintor.solitaire.ui.cli.GameStateParserSpec.printRow should return #expectedResult when testing: #testCase(GameStateParserSpec.groovy:51)
</error>
  </testcase>
  <testcase name="parseGameState should return a string representation of the game state for a new game" classname="nl.quintor.solitaire.ui.cli.GameStateParserSpec" time="0.034">
    <error message="Cannot invoke method add() on null object" type="java.lang.NullPointerException">java.lang.NullPointerException: Cannot invoke method add() on null object
	at nl.quintor.solitaire.ui.cli.GameStateParserSpec.parseGameState should return a string representation of the game state for a new game(GameStateParserSpec.groovy:60)
</error>
  </testcase>
</testsuite>