<?xml version="1.0" encoding="UTF-8"?>
<testsuite xmlns:xsi="http://www.w3.org/2001/XMLSchema-instance" xsi:noNamespaceSchemaLocation="https://maven.apache.org/surefire/maven-surefire-plugin/xsd/surefire-test-report.xsd" name="nl.quintor.solitaire.game.moves.HelpMoveSpec" time="0.019" tests="2" errors="0" skipped="0" failures="1">
  <properties>
    <property name="java.specification.version" value="14"/>
    <property name="sun.jnu.encoding" value="UTF-8"/>
    <property name="java.class.path" value="/Users/dave/Downloads/solitair-student/target/test-classes:/Users/dave/Downloads/solitair-student/target/classes:/Users/dave/.m2/repository/junit/junit/4.12/junit-4.12.jar:/Users/dave/.m2/repository/org/hamcrest/hamcrest-core/1.3/hamcrest-core-1.3.jar:/Users/dave/.m2/repository/org/assertj/assertj-core/3.8.0/assertj-core-3.8.0.jar:/Users/dave/.m2/repository/org/spockframework/spock-core/1.1-groovy-2.4/spock-core-1.1-groovy-2.4.jar:/Users/dave/.m2/repository/org/codehaus/groovy/groovy-all/2.4.15/groovy-all-2.4.15.jar:/Users/dave/.m2/repository/com/athaydes/spock-reports/1.5.0/spock-reports-1.5.0.jar:/Users/dave/.m2/repository/org/slf4j/slf4j-api/1.7.13/slf4j-api-1.7.13.jar:/Users/dave/.m2/repository/org/slf4j/slf4j-simple/1.7.13/slf4j-simple-1.7.13.jar:"/>
    <property name="java.vm.vendor" value="Oracle Corporation"/>
    <property name="sun.arch.data.model" value="64"/>
    <property name="java.vendor.url" value="https://java.oracle.com/"/>
    <property name="os.name" value="Mac OS X"/>
    <property name="java.vm.specification.version" value="14"/>
    <property name="sun.java.launcher" value="SUN_STANDARD"/>
    <property name="user.country" value="NL"/>
    <property name="sun.boot.library.path" value="/Users/dave/Library/Java/JavaVirtualMachines/openjdk-14.0.2/Contents/Home/lib"/>
    <property name="sun.java.command" value="/Users/dave/Downloads/solitair-student/target/surefire/surefirebooter4998865021421595047.jar /Users/dave/Downloads/solitair-student/target/surefire 2020-09-14T17-49-12_481-jvmRun1 surefire5187564882986612237tmp surefire_0796794214177327587tmp"/>
    <property name="http.nonProxyHosts" value="local|*.local|169.254/16|*.169.254/16"/>
    <property name="jdk.debug" value="release"/>
    <property name="surefire.test.class.path" value="/Users/dave/Downloads/solitair-student/target/test-classes:/Users/dave/Downloads/solitair-student/target/classes:/Users/dave/.m2/repository/junit/junit/4.12/junit-4.12.jar:/Users/dave/.m2/repository/org/hamcrest/hamcrest-core/1.3/hamcrest-core-1.3.jar:/Users/dave/.m2/repository/org/assertj/assertj-core/3.8.0/assertj-core-3.8.0.jar:/Users/dave/.m2/repository/org/spockframework/spock-core/1.1-groovy-2.4/spock-core-1.1-groovy-2.4.jar:/Users/dave/.m2/repository/org/codehaus/groovy/groovy-all/2.4.15/groovy-all-2.4.15.jar:/Users/dave/.m2/repository/com/athaydes/spock-reports/1.5.0/spock-reports-1.5.0.jar:/Users/dave/.m2/repository/org/slf4j/slf4j-api/1.7.13/slf4j-api-1.7.13.jar:/Users/dave/.m2/repository/org/slf4j/slf4j-simple/1.7.13/slf4j-simple-1.7.13.jar:"/>
    <property name="sun.cpu.endian" value="little"/>
    <property name="user.home" value="/Users/dave"/>
    <property name="user.language" value="nl"/>
    <property name="java.specification.vendor" value="Oracle Corporation"/>
    <property name="java.version.date" value="2020-07-14"/>
    <property name="java.home" value="/Users/dave/Library/Java/JavaVirtualMachines/openjdk-14.0.2/Contents/Home"/>
    <property name="file.separator" value="/"/>
    <property name="basedir" value="/Users/dave/Downloads/solitair-student"/>
    <property name="java.vm.compressedOopsMode" value="Zero based"/>
    <property name="line.separator" value="&#10;"/>
    <property name="java.specification.name" value="Java Platform API Specification"/>
    <property name="java.vm.specification.vendor" value="Oracle Corporation"/>
    <property name="surefire.real.class.path" value="/Users/dave/Downloads/solitair-student/target/surefire/surefirebooter4998865021421595047.jar"/>
    <property name="sun.management.compiler" value="HotSpot 64-Bit Tiered Compilers"/>
    <property name="ftp.nonProxyHosts" value="local|*.local|169.254/16|*.169.254/16"/>
    <property name="java.runtime.version" value="14.0.2+12-46"/>
    <property name="user.name" value="dave"/>
    <property name="path.separator" value=":"/>
    <property name="os.version" value="10.15.5"/>
    <property name="java.runtime.name" value="OpenJDK Runtime Environment"/>
    <property name="file.encoding" value="UTF-8"/>
    <property name="java.vm.name" value="OpenJDK 64-Bit Server VM"/>
    <property name="localRepository" value="/Users/dave/.m2/repository"/>
    <property name="java.vendor.url.bug" value="https://bugreport.java.com/bugreport/"/>
    <property name="java.io.tmpdir" value="/var/folders/7y/_wb6k5hd39x544nlk55rx3wm0000gn/T/"/>
    <property name="idea.version" value="2020.2.1"/>
    <property name="java.version" value="14.0.2"/>
    <property name="user.dir" value="/Users/dave/Downloads/solitair-student"/>
    <property name="os.arch" value="x86_64"/>
    <property name="java.vm.specification.name" value="Java Virtual Machine Specification"/>
    <property name="java.library.path" value="/Users/dave/Library/Java/Extensions:/Library/Java/Extensions:/Network/Library/Java/Extensions:/System/Library/Java/Extensions:/usr/lib/java:."/>
    <property name="java.vm.info" value="mixed mode, sharing"/>
    <property name="java.vendor" value="Oracle Corporation"/>
    <property name="java.vm.version" value="14.0.2+12-46"/>
    <property name="sun.io.unicode.encoding" value="UnicodeBig"/>
    <property name="socksNonProxyHosts" value="local|*.local|169.254/16|*.169.254/16"/>
    <property name="java.class.version" value="58.0"/>
  </properties>
  <testcase name="Help move should return help text" classname="nl.quintor.solitaire.game.moves.HelpMoveSpec" time="0.005">
    <failure message="Condition not satisfied:&#10;&#10;expectedMessage == actualMessage&#10;|               |  |&#10;|               |  null&#10;|               false&#10; &#10;You can give a command with the Capital letter followed by &lt;Return&gt;,&#10;so in order to display these instructions, simply type &quot;H + &lt;Return&gt;&quot;!&#10;You can simply hit &lt;Return&gt; to repeat the last command you entered.&#10;The H̲elp command requires arguments. The syntax is: &#10; &#10;M Source Destination (case insensitive)&#10; &#10;For example:&#10;&quot;M O SA&quot; moves the top card from the Stock to the top of Stack Pile A&#10;&quot;M SB F&quot; moves the top card from Stack Pile B to the end of Column F&#10; &#10;Dutch Patience rules: http://www.patiencespel.nl/patiencespelregels.php&#10;English Patience rules: http://digsolitaire.com/solitaire-rules.php&#10;" type="org.spockframework.runtime.SpockComparisonFailure"><![CDATA[org.spockframework.runtime.SpockComparisonFailure: 
Condition not satisfied:

expectedMessage == actualMessage
|               |  |
|               |  null
|               false
 
You can give a command with the Capital letter followed by <Return>,
so in order to display these instructions, simply type "H + <Return>"!
You can simply hit <Return> to repeat the last command you entered.
The H̲elp command requires arguments. The syntax is: 
 
M Source Destination (case insensitive)
 
For example:
"M O SA" moves the top card from the Stock to the top of Stack Pile A
"M SB F" moves the top card from Stack Pile B to the end of Column F
 
Dutch Patience rules: http://www.patiencespel.nl/patiencespelregels.php
English Patience rules: http://digsolitaire.com/solitaire-rules.php

	at nl.quintor.solitaire.game.moves.HelpMoveSpec.Help move should return help text(HelpMoveSpec.groovy:29)
]]></failure>
  </testcase>
  <testcase name="Help move toString should return &apos;H̲elp&apos;" classname="nl.quintor.solitaire.game.moves.HelpMoveSpec" time="0"/>
</testsuite>